android/app/build/outputs/logs/manifest-merger-debug-report.txt
-- Merging decision tree log ---
manifest
ADDED from src\main\AndroidManifest.xml:1:1-49:12
INJECTED from src\main\AndroidManifest.xml:1:1-49:12
INJECTED from src\main\AndroidManifest.xml:1:1-49:12
INJECTED from src\main\AndroidManifest.xml:1:1-49:12
MERGED from src\main\AndroidManifest.xml:1:1-49:12
MERGED from [:maps_launcher] AndroidManifest.xml:2:1-7:12
MERGED from [:cloud_firestore] AndroidManifest.xml:2:1-15:12
MERGED from [:firebase_auth] AndroidManifest.xml:2:1-15:12
MERGED from [:firebase_storage] AndroidManifest.xml:2:1-15:12
MERGED from [:firebase_core] AndroidManifest.xml:2:1-15:12
MERGED from [:geolocator_android] AndroidManifest.xml:2:1-17:12
MERGED from [:google_maps_flutter] AndroidManifest.xml:2:1-7:12
MERGED from [:flutter_plugin_android_lifecycle] AndroidManifest.xml:2:1-7:12
MERGED from [:url_launcher_android] AndroidManifest.xml:2:1-14:12
MERGED from [:path_provider_android] AndroidManifest.xml:2:1-7:12
MERGED from [:android_intent_plus] AndroidManifest.xml:2:1-7:12
MERGED from [:permission_handler_android] AndroidManifest.xml:2:1-7:12
MERGED from [:geocoding] AndroidManifest.xml:2:1-7:12
MERGED from [:fluttertoast] AndroidManifest.xml:2:1-7:12
MERGED from [androidx.window:window-java:1.0.0-beta04] AndroidManifest.xml:17:1-23:12
MERGED from [androidx.window:window:1.0.0-beta04] AndroidManifest.xml:17:1-33:12
MERGED from [com.google.firebase:firebase-analytics:20.1.0] AndroidManifest.xml:2:1-9:12
MERGED from [com.google.firebase:firebase-auth:21.0.1] AndroidManifest.xml:17:1-83:12
MERGED from [com.google.firebase:firebase-firestore:24.0.1] AndroidManifest.xml:2:1-26:12
MERGED from [com.google.firebase:firebase-storage:20.0.0] AndroidManifest.xml:15:1-39:12
MERGED from [com.google.android.gms:play-services-measurement-api:20.1.0] AndroidManifest.xml:17:1-36:12
MERGED from [com.google.firebase:firebase-appcheck-interop:16.0.0-beta02] AndroidManifest.xml:15:1-26:12
MERGED from [com.google.firebase:firebase-auth-interop:20.0.0] AndroidManifest.xml:2:1-10:12
MERGED from [com.google.firebase:firebase-installations:17.0.0] AndroidManifest.xml:2:1-24:12
MERGED from [com.google.firebase:firebase-common:20.0.0] AndroidManifest.xml:15:1-40:12
MERGED from [com.google.android.gms:play-services-maps:18.0.2] AndroidManifest.xml:17:1-44:12
MERGED from [com.google.android.gms:play-services-location:17.0.0] AndroidManifest.xml:2:1-9:12
MERGED from [com.google.firebase:firebase-database-collection:18.0.0] AndroidManifest.xml:2:1-9:12
MERGED from [com.google.android.gms:play-services-auth-api-phone:17.4.0] AndroidManifest.xml:2:1-7:12
MERGED from [com.google.android.gms:play-services-safetynet:17.0.0] AndroidManifest.xml:17:1-24:12
MERGED from [com.google.android.gms:play-services-base:18.0.1] AndroidManifest.xml:16:1-24:12
MERGED from [com.google.android.gms:play-services-measurement:20.1.0] AndroidManifest.xml:17:1-46:12
MERGED from [com.google.android.gms:play-services-measurement-sdk:20.1.0] AndroidManifest.xml:17:1-25:12
MERGED from [com.google.android.gms:play-services-places-placereport:17.0.0] AndroidManifest.xml:17:1-24:12
MERGED from [com.google.android.gms:play-services-measurement-impl:20.1.0] AndroidManifest.xml:17:1-31:12
MERGED from [com.google.android.gms:play-services-ads-identifier:18.0.0] AndroidManifest.xml:17:1-27:12
MERGED from [com.google.android.gms:play-services-measurement-sdk-api:20.1.0] AndroidManifest.xml:17:1-27:12
MERGED from [com.google.android.gms:play-services-measurement-base:20.1.0] AndroidManifest.xml:2:1-9:12
MERGED from [com.google.android.gms:play-services-stats:17.0.2] AndroidManifest.xml:2:1-9:12
MERGED from [com.google.firebase:firebase-installations-interop:17.0.0] AndroidManifest.xml:15:1-23:12
MERGED from [com.google.android.gms:play-services-tasks:18.0.1] AndroidManifest.xml:2:1-6:12
MERGED from [com.google.firebase:firebase-measurement-connector:19.0.0] AndroidManifest.xml:17:1-25:12
MERGED from [com.google.android.gms:play-services-basement:18.0.0] AndroidManifest.xml:16:1-26:12
MERGED from [androidx.fragment:fragment:1.1.0] AndroidManifest.xml:17:1-24:12
MERGED from [androidx.browser:browser:1.0.0] AndroidManifest.xml:17:1-22:12
MERGED from [androidx.legacy:legacy-support-core-ui:1.0.0] AndroidManifest.xml:17:1-22:12
MERGED from [androidx.legacy:legacy-support-core-utils:1.0.0] AndroidManifest.xml:17:1-22:12
MERGED from [androidx.viewpager:viewpager:1.0.0] AndroidManifest.xml:17:1-22:12
MERGED from [androidx.loader:loader:1.0.0] AndroidManifest.xml:17:1-22:12
MERGED from [androidx.activity:activity:1.0.0] AndroidManifest.xml:17:1-24:12
MERGED from [androidx.coordinatorlayout:coordinatorlayout:1.0.0] AndroidManifest.xml:17:1-22:12
MERGED from [androidx.drawerlayout:drawerlayout:1.0.0] AndroidManifest.xml:17:1-22:12
MERGED from [androidx.slidingpanelayout:slidingpanelayout:1.0.0] AndroidManifest.xml:17:1-22:12
MERGED from [androidx.customview:customview:1.0.0] AndroidManifest.xml:17:1-22:12
MERGED from [androidx.swiperefreshlayout:swiperefreshlayout:1.0.0] AndroidManifest.xml:17:1-22:12
MERGED from [androidx.asynclayoutinflater:asynclayoutinflater:1.0.0] AndroidManifest.xml:17:1-22:12
MERGED from [androidx.core:core:1.6.0] AndroidManifest.xml:17:1-26:12
MERGED from [androidx.lifecycle:lifecycle-runtime:2.2.0] AndroidManifest.xml:17:1-24:12
MERGED from [androidx.savedstate:savedstate:1.0.0] AndroidManifest.xml:17:1-24:12
MERGED from [androidx.lifecycle:lifecycle-livedata:2.0.0] AndroidManifest.xml:17:1-22:12
MERGED from [androidx.lifecycle:lifecycle-livedata-core:2.0.0] AndroidManifest.xml:17:1-22:12
MERGED from [androidx.tracing:tracing:1.0.0] AndroidManifest.xml:17:1-24:12
MERGED from [com.google.firebase:firebase-components:17.0.0] AndroidManifest.xml:15:1-23:12
MERGED from [androidx.localbroadcastmanager:localbroadcastmanager:1.0.0] AndroidManifest.xml:17:1-22:12
MERGED from [androidx.versionedparcelable:versionedparcelable:1.1.1] AndroidManifest.xml:17:1-27:12
MERGED from [androidx.arch.core:core-runtime:2.0.0] AndroidManifest.xml:17:1-22:12
MERGED from [androidx.interpolator:interpolator:1.0.0] AndroidManifest.xml:17:1-22:12
MERGED from [androidx.documentfile:documentfile:1.0.0] AndroidManifest.xml:17:1-22:12
MERGED from [androidx.print:print:1.0.0] AndroidManifest.xml:17:1-22:12
MERGED from [androidx.lifecycle:lifecycle-viewmodel:2.1.0] AndroidManifest.xml:17:1-22:12
MERGED from [androidx.cursoradapter:cursoradapter:1.0.0] AndroidManifest.xml:17:1-22:12
MERGED from [io.grpc:grpc-android:1.41.0] AndroidManifest.xml:2:1-13:12
MERGED from [com.google.firebase:protolite-well-known-types:18.0.0] AndroidManifest.xml:2:1-11:12
MERGED from [androidx.annotation:annotation-experimental:1.1.0] AndroidManifest.xml:17:1-24:12
INJECTED from src\debug\AndroidManifest.xml:1:1-11:12
INJECTED from src\debug\AndroidManifest.xml:1:1-11:12
INJECTED from src\debug\AndroidManifest.xml:1:1-11:12
	package
		ADDED from src\main\AndroidManifest.xml:3:5-37
		INJECTED from src\main\AndroidManifest.xml
		INJECTED from src\debug\AndroidManifest.xml
	android:versionName
		INJECTED from src\main\AndroidManifest.xml
		ADDED from src\main\AndroidManifest.xml:1:1-49:12
		INJECTED from src\debug\AndroidManifest.xml
	xmlns:tools
		ADDED from src\main\AndroidManifest.xml:2:5-51
		ADDED from src\main\AndroidManifest.xml:2:5-51
	android:versionCode
		INJECTED from src\main\AndroidManifest.xml
		ADDED from src\main\AndroidManifest.xml:1:1-49:12
		INJECTED from src\debug\AndroidManifest.xml
	xmlns:android
		ADDED from src\main\AndroidManifest.xml:1:11-69
	tools:ignore
		ADDED from src\main\AndroidManifest.xml:4:5-34
		ADDED from src\main\AndroidManifest.xml:4:5-34
uses-permission#android.permission.FOREGROUND_SERVICE
ADDED from src\main\AndroidManifest.xml:6:5-77
MERGED from src\main\AndroidManifest.xml:6:5-77
MERGED from src\main\AndroidManifest.xml:6:5-77
MERGED from [:geolocator_android] AndroidManifest.xml:7:5-77
MERGED from [:geolocator_android] AndroidManifest.xml:7:5-77
	android:name
		ADDED from src\main\AndroidManifest.xml:6:22-74
uses-permission#android.permission.ACCESS_BACKGROUND_LOCATION
ADDED from src\main\AndroidManifest.xml:7:5-84
MERGED from src\main\AndroidManifest.xml:7:5-84
MERGED from src\main\AndroidManifest.xml:7:5-84
	android:name
		ADDED from src\main\AndroidManifest.xml:7:22-82
uses-permission#android.permission.ACCESS_COARSE_LOCATION
ADDED from src\main\AndroidManifest.xml:8:5-80
MERGED from src\main\AndroidManifest.xml:8:5-80
MERGED from src\main\AndroidManifest.xml:8:5-80
	android:name
		ADDED from src\main\AndroidManifest.xml:8:22-78
application
ADDED from src\main\AndroidManifest.xml:11:4-48:19
MERGED from [:cloud_firestore] AndroidManifest.xml:7:5-13:19
MERGED from [:cloud_firestore] AndroidManifest.xml:7:5-13:19
MERGED from [:firebase_auth] AndroidManifest.xml:7:5-13:19
MERGED from [:firebase_auth] AndroidManifest.xml:7:5-13:19
MERGED from [:firebase_storage] AndroidManifest.xml:7:5-13:19
MERGED from [:firebase_storage] AndroidManifest.xml:7:5-13:19
MERGED from [:firebase_core] AndroidManifest.xml:7:5-13:19
MERGED from [:firebase_core] AndroidManifest.xml:7:5-13:19
MERGED from [:geolocator_android] AndroidManifest.xml:9:5-15:19
MERGED from [:geolocator_android] AndroidManifest.xml:9:5-15:19
MERGED from [:url_launcher_android] AndroidManifest.xml:7:5-12:19
MERGED from [:url_launcher_android] AndroidManifest.xml:7:5-12:19
MERGED from [androidx.window:window:1.0.0-beta04] AndroidManifest.xml:24:5-31:19
MERGED from [androidx.window:window:1.0.0-beta04] AndroidManifest.xml:24:5-31:19
MERGED from [com.google.firebase:firebase-analytics:20.1.0] AndroidManifest.xml:7:5-20
MERGED from [com.google.firebase:firebase-analytics:20.1.0] AndroidManifest.xml:7:5-20
MERGED from [com.google.firebase:firebase-auth:21.0.1] AndroidManifest.xml:26:5-81:19
MERGED from [com.google.firebase:firebase-auth:21.0.1] AndroidManifest.xml:26:5-81:19
MERGED from [com.google.firebase:firebase-firestore:24.0.1] AndroidManifest.xml:16:5-24:19
MERGED from [com.google.firebase:firebase-firestore:24.0.1] AndroidManifest.xml:16:5-24:19
MERGED from [com.google.firebase:firebase-storage:20.0.0] AndroidManifest.xml:29:5-37:19
MERGED from [com.google.firebase:firebase-storage:20.0.0] AndroidManifest.xml:29:5-37:19
MERGED from [com.google.android.gms:play-services-measurement-api:20.1.0] AndroidManifest.xml:26:5-34:19
MERGED from [com.google.android.gms:play-services-measurement-api:20.1.0] AndroidManifest.xml:26:5-34:19
MERGED from [com.google.firebase:firebase-appcheck-interop:16.0.0-beta02] AndroidManifest.xml:24:5-20
MERGED from [com.google.firebase:firebase-appcheck-interop:16.0.0-beta02] AndroidManifest.xml:24:5-20
MERGED from [com.google.firebase:firebase-auth-interop:20.0.0] AndroidManifest.xml:7:5-8:19
MERGED from [com.google.firebase:firebase-auth-interop:20.0.0] AndroidManifest.xml:7:5-8:19
MERGED from [com.google.firebase:firebase-installations:17.0.0] AndroidManifest.xml:14:5-22:19
MERGED from [com.google.firebase:firebase-installations:17.0.0] AndroidManifest.xml:14:5-22:19
MERGED from [com.google.firebase:firebase-common:20.0.0] AndroidManifest.xml:25:5-38:19
MERGED from [com.google.firebase:firebase-common:20.0.0] AndroidManifest.xml:25:5-38:19
MERGED from [com.google.android.gms:play-services-maps:18.0.2] AndroidManifest.xml:36:5-42:19
MERGED from [com.google.android.gms:play-services-maps:18.0.2] AndroidManifest.xml:36:5-42:19
MERGED from [com.google.android.gms:play-services-location:17.0.0] AndroidManifest.xml:7:5-20
MERGED from [com.google.android.gms:play-services-location:17.0.0] AndroidManifest.xml:7:5-20
MERGED from [com.google.android.gms:play-services-safetynet:17.0.0] AndroidManifest.xml:22:5-20
MERGED from [com.google.android.gms:play-services-safetynet:17.0.0] AndroidManifest.xml:22:5-20
MERGED from [com.google.android.gms:play-services-base:18.0.1] AndroidManifest.xml:19:5-23:19
MERGED from [com.google.android.gms:play-services-base:18.0.1] AndroidManifest.xml:19:5-23:19
MERGED from [com.google.android.gms:play-services-measurement:20.1.0] AndroidManifest.xml:28:5-44:19
MERGED from [com.google.android.gms:play-services-measurement:20.1.0] AndroidManifest.xml:28:5-44:19
MERGED from [com.google.android.gms:play-services-measurement-sdk:20.1.0] AndroidManifest.xml:22:5-23:19
MERGED from [com.google.android.gms:play-services-measurement-sdk:20.1.0] AndroidManifest.xml:22:5-23:19
MERGED from [com.google.android.gms:play-services-places-placereport:17.0.0] AndroidManifest.xml:22:5-20
MERGED from [com.google.android.gms:play-services-places-placereport:17.0.0] AndroidManifest.xml:22:5-20
MERGED from [com.google.android.gms:play-services-measurement-impl:20.1.0] AndroidManifest.xml:28:5-29:19
MERGED from [com.google.android.gms:play-services-measurement-impl:20.1.0] AndroidManifest.xml:28:5-29:19
MERGED from [com.google.android.gms:play-services-ads-identifier:18.0.0] AndroidManifest.xml:25:5-20
MERGED from [com.google.android.gms:play-services-ads-identifier:18.0.0] AndroidManifest.xml:25:5-20
MERGED from [com.google.android.gms:play-services-measurement-base:20.1.0] AndroidManifest.xml:7:5-20
MERGED from [com.google.android.gms:play-services-measurement-base:20.1.0] AndroidManifest.xml:7:5-20
MERGED from [com.google.android.gms:play-services-stats:17.0.2] AndroidManifest.xml:7:5-20
MERGED from [com.google.android.gms:play-services-stats:17.0.2] AndroidManifest.xml:7:5-20
MERGED from [com.google.android.gms:play-services-tasks:18.0.1] AndroidManifest.xml:5:5-20
MERGED from [com.google.android.gms:play-services-tasks:18.0.1] AndroidManifest.xml:5:5-20
MERGED from [com.google.firebase:firebase-measurement-connector:19.0.0] AndroidManifest.xml:22:5-23:19
MERGED from [com.google.firebase:firebase-measurement-connector:19.0.0] AndroidManifest.xml:22:5-23:19
MERGED from [com.google.android.gms:play-services-basement:18.0.0] AndroidManifest.xml:20:5-24:19
MERGED from [com.google.android.gms:play-services-basement:18.0.0] AndroidManifest.xml:20:5-24:19
MERGED from [androidx.core:core:1.6.0] AndroidManifest.xml:24:5-89
MERGED from [androidx.core:core:1.6.0] AndroidManifest.xml:24:5-89
MERGED from [androidx.versionedparcelable:versionedparcelable:1.1.1] AndroidManifest.xml:24:5-25:19
MERGED from [androidx.versionedparcelable:versionedparcelable:1.1.1] AndroidManifest.xml:24:5-25:19
	android:appComponentFactory
		ADDED from [androidx.core:core:1.6.0] AndroidManifest.xml:24:18-86
	android:label
		ADDED from src\main\AndroidManifest.xml:12:9-34
	android:icon
		ADDED from src\main\AndroidManifest.xml:13:9-43
meta-data#com.google.android.geo.API_KEY
ADDED from src\main\AndroidManifest.xml:14:8-15:69
	android:value
		ADDED from src\main\AndroidManifest.xml:15:12-67
	android:name
		ADDED from src\main\AndroidManifest.xml:14:19-64
activity#com.example.tour_guide.MainActivity
ADDED from src\main\AndroidManifest.xml:16:9-42:20
	android:launchMode
		ADDED from src\main\AndroidManifest.xml:18:13-43
	android:hardwareAccelerated
		ADDED from src\main\AndroidManifest.xml:21:13-47
	android:windowSoftInputMode
		ADDED from src\main\AndroidManifest.xml:22:13-55
	android:exported
		ADDED from src\main\AndroidManifest.xml:24:13-36
	tools:ignore
		ADDED from src\main\AndroidManifest.xml:25:13-42
	android:configChanges
		ADDED from src\main\AndroidManifest.xml:20:13-163
	tools:targetApi
		ADDED from src\main\AndroidManifest.xml:23:13-40
	android:theme
		ADDED from src\main\AndroidManifest.xml:19:13-47
	android:name
		ADDED from src\main\AndroidManifest.xml:17:13-41
meta-data#io.flutter.embedding.android.NormalTheme
ADDED from src\main\AndroidManifest.xml:30:13-33:17
	android:resource
		ADDED from src\main\AndroidManifest.xml:32:15-52
	android:name
		ADDED from src\main\AndroidManifest.xml:31:15-70
meta-data#io.flutter.embedding.android.SplashScreenDrawable
ADDED from src\main\AndroidManifest.xml:34:13-37:17
	android:resource
		ADDED from src\main\AndroidManifest.xml:36:15-61
	android:name
		ADDED from src\main\AndroidManifest.xml:35:15-79
intent-filter#action:name:android.intent.action.MAIN+category:name:android.intent.category.LAUNCHER
ADDED from src\main\AndroidManifest.xml:38:13-41:29
action#android.intent.action.MAIN
ADDED from src\main\AndroidManifest.xml:39:17-68
	android:name
		ADDED from src\main\AndroidManifest.xml:39:25-66
category#android.intent.category.LAUNCHER
ADDED from src\main\AndroidManifest.xml:40:17-76
	android:name
		ADDED from src\main\AndroidManifest.xml:40:27-74
meta-data#flutterEmbedding
ADDED from src\main\AndroidManifest.xml:45:9-47:33
	android:value
		ADDED from src\main\AndroidManifest.xml:47:13-30
	android:name
		ADDED from src\main\AndroidManifest.xml:46:13-44
uses-sdk
INJECTED from src\main\AndroidManifest.xml reason: use-sdk injection requested
INJECTED from src\main\AndroidManifest.xml
INJECTED from src\main\AndroidManifest.xml
MERGED from [:maps_launcher] AndroidManifest.xml:5:5-44
MERGED from [:maps_launcher] AndroidManifest.xml:5:5-44
MERGED from [:cloud_firestore] AndroidManifest.xml:5:5-44
MERGED from [:cloud_firestore] AndroidManifest.xml:5:5-44
MERGED from [:firebase_auth] AndroidManifest.xml:5:5-44
MERGED from [:firebase_auth] AndroidManifest.xml:5:5-44
MERGED from [:firebase_storage] AndroidManifest.xml:5:5-44
MERGED from [:firebase_storage] AndroidManifest.xml:5:5-44
MERGED from [:firebase_core] AndroidManifest.xml:5:5-44
MERGED from [:firebase_core] AndroidManifest.xml:5:5-44
MERGED from [:geolocator_android] AndroidManifest.xml:5:5-44
MERGED from [:geolocator_android] AndroidManifest.xml:5:5-44
MERGED from [:google_maps_flutter] AndroidManifest.xml:5:5-44
MERGED from [:google_maps_flutter] AndroidManifest.xml:5:5-44
MERGED from [:flutter_plugin_android_lifecycle] AndroidManifest.xml:5:5-44
MERGED from [:flutter_plugin_android_lifecycle] AndroidManifest.xml:5:5-44
MERGED from [:url_launcher_android] AndroidManifest.xml:5:5-44
MERGED from [:url_launcher_android] AndroidManifest.xml:5:5-44
MERGED from [:path_provider_android] AndroidManifest.xml:5:5-44
MERGED from [:path_provider_android] AndroidManifest.xml:5:5-44
MERGED from [:android_intent_plus] AndroidManifest.xml:5:5-44
MERGED from [:android_intent_plus] AndroidManifest.xml:5:5-44
MERGED from [:permission_handler_android] AndroidManifest.xml:5:5-44
MERGED from [:permission_handler_android] AndroidManifest.xml:5:5-44
MERGED from [:geocoding] AndroidManifest.xml:5:5-44
MERGED from [:geocoding] AndroidManifest.xml:5:5-44
MERGED from [:fluttertoast] AndroidManifest.xml:5:5-44
MERGED from [:fluttertoast] AndroidManifest.xml:5:5-44
MERGED from [androidx.window:window-java:1.0.0-beta04] AndroidManifest.xml:19:5-21:41
MERGED from [androidx.window:window-java:1.0.0-beta04] AndroidManifest.xml:19:5-21:41
MERGED from [androidx.window:window:1.0.0-beta04] AndroidManifest.xml:20:5-22:41
MERGED from [androidx.window:window:1.0.0-beta04] AndroidManifest.xml:20:5-22:41
MERGED from [com.google.firebase:firebase-analytics:20.1.0] AndroidManifest.xml:5:5-44
MERGED from [com.google.firebase:firebase-analytics:20.1.0] AndroidManifest.xml:5:5-44
MERGED from [com.google.firebase:firebase-auth:21.0.1] AndroidManifest.xml:21:5-44
MERGED from [com.google.firebase:firebase-auth:21.0.1] AndroidManifest.xml:21:5-44
MERGED from [com.google.firebase:firebase-firestore:24.0.1] AndroidManifest.xml:7:5-9:41
MERGED from [com.google.firebase:firebase-firestore:24.0.1] AndroidManifest.xml:7:5-9:41
MERGED from [com.google.firebase:firebase-storage:20.0.0] AndroidManifest.xml:20:5-22:41
MERGED from [com.google.firebase:firebase-storage:20.0.0] AndroidManifest.xml:20:5-22:41
MERGED from [com.google.android.gms:play-services-measurement-api:20.1.0] AndroidManifest.xml:20:5-44
MERGED from [com.google.android.gms:play-services-measurement-api:20.1.0] AndroidManifest.xml:20:5-44
MERGED from [com.google.firebase:firebase-appcheck-interop:16.0.0-beta02] AndroidManifest.xml:19:5-21:41
MERGED from [com.google.firebase:firebase-appcheck-interop:16.0.0-beta02] AndroidManifest.xml:19:5-21:41
MERGED from [com.google.firebase:firebase-auth-interop:20.0.0] AndroidManifest.xml:5:5-44
MERGED from [com.google.firebase:firebase-auth-interop:20.0.0] AndroidManifest.xml:5:5-44
MERGED from [com.google.firebase:firebase-installations:17.0.0] AndroidManifest.xml:6:5-8:41
MERGED from [com.google.firebase:firebase-installations:17.0.0] AndroidManifest.xml:6:5-8:41
MERGED from [com.google.firebase:firebase-common:20.0.0] AndroidManifest.xml:20:5-22:41
MERGED from [com.google.firebase:firebase-common:20.0.0] AndroidManifest.xml:20:5-22:41
MERGED from [com.google.android.gms:play-services-maps:18.0.2] AndroidManifest.xml:20:5-44
MERGED from [com.google.android.gms:play-services-maps:18.0.2] AndroidManifest.xml:20:5-44
MERGED from [com.google.android.gms:play-services-location:17.0.0] AndroidManifest.xml:5:5-44
MERGED from [com.google.android.gms:play-services-location:17.0.0] AndroidManifest.xml:5:5-44
MERGED from [com.google.firebase:firebase-database-collection:18.0.0] AndroidManifest.xml:5:5-7:41
MERGED from [com.google.firebase:firebase-database-collection:18.0.0] AndroidManifest.xml:5:5-7:41
MERGED from [com.google.android.gms:play-services-auth-api-phone:17.4.0] AndroidManifest.xml:5:5-44
MERGED from [com.google.android.gms:play-services-auth-api-phone:17.4.0] AndroidManifest.xml:5:5-44
MERGED from [com.google.android.gms:play-services-safetynet:17.0.0] AndroidManifest.xml:20:5-44
MERGED from [com.google.android.gms:play-services-safetynet:17.0.0] AndroidManifest.xml:20:5-44
MERGED from [com.google.android.gms:play-services-base:18.0.1] AndroidManifest.xml:18:5-43
MERGED from [com.google.android.gms:play-services-base:18.0.1] AndroidManifest.xml:18:5-43
MERGED from [com.google.android.gms:play-services-measurement:20.1.0] AndroidManifest.xml:20:5-44
MERGED from [com.google.android.gms:play-services-measurement:20.1.0] AndroidManifest.xml:20:5-44
MERGED from [com.google.android.gms:play-services-measurement-sdk:20.1.0] AndroidManifest.xml:20:5-44
MERGED from [com.google.android.gms:play-services-measurement-sdk:20.1.0] AndroidManifest.xml:20:5-44
MERGED from [com.google.android.gms:play-services-places-placereport:17.0.0] AndroidManifest.xml:20:5-44
MERGED from [com.google.android.gms:play-services-places-placereport:17.0.0] AndroidManifest.xml:20:5-44
MERGED from [com.google.android.gms:play-services-measurement-impl:20.1.0] AndroidManifest.xml:20:5-44
MERGED from [com.google.android.gms:play-services-measurement-impl:20.1.0] AndroidManifest.xml:20:5-44
MERGED from [com.google.android.gms:play-services-ads-identifier:18.0.0] AndroidManifest.xml:20:5-44
MERGED from [com.google.android.gms:play-services-ads-identifier:18.0.0] AndroidManifest.xml:20:5-44
MERGED from [com.google.android.gms:play-services-measurement-sdk-api:20.1.0] AndroidManifest.xml:20:5-44
MERGED from [com.google.android.gms:play-services-measurement-sdk-api:20.1.0] AndroidManifest.xml:20:5-44
MERGED from [com.google.android.gms:play-services-measurement-base:20.1.0] AndroidManifest.xml:5:5-44
MERGED from [com.google.android.gms:play-services-measurement-base:20.1.0] AndroidManifest.xml:5:5-44
MERGED from [com.google.android.gms:play-services-stats:17.0.2] AndroidManifest.xml:5:5-44
MERGED from [com.google.android.gms:play-services-stats:17.0.2] AndroidManifest.xml:5:5-44
MERGED from [com.google.firebase:firebase-installations-interop:17.0.0] AndroidManifest.xml:19:5-21:41
MERGED from [com.google.firebase:firebase-installations-interop:17.0.0] AndroidManifest.xml:19:5-21:41
MERGED from [com.google.android.gms:play-services-tasks:18.0.1] AndroidManifest.xml:4:5-43
MERGED from [com.google.android.gms:play-services-tasks:18.0.1] AndroidManifest.xml:4:5-43
MERGED from [com.google.firebase:firebase-measurement-connector:19.0.0] AndroidManifest.xml:20:5-44
MERGED from [com.google.firebase:firebase-measurement-connector:19.0.0] AndroidManifest.xml:20:5-44
MERGED from [com.google.android.gms:play-services-basement:18.0.0] AndroidManifest.xml:18:5-43
MERGED from [com.google.android.gms:play-services-basement:18.0.0] AndroidManifest.xml:18:5-43
MERGED from [androidx.fragment:fragment:1.1.0] AndroidManifest.xml:20:5-22:41
MERGED from [androidx.fragment:fragment:1.1.0] AndroidManifest.xml:20:5-22:41
MERGED from [androidx.browser:browser:1.0.0] AndroidManifest.xml:20:5-44
MERGED from [androidx.browser:browser:1.0.0] AndroidManifest.xml:20:5-44
MERGED from [androidx.legacy:legacy-support-core-ui:1.0.0] AndroidManifest.xml:20:5-44
MERGED from [androidx.legacy:legacy-support-core-ui:1.0.0] AndroidManifest.xml:20:5-44
MERGED from [androidx.legacy:legacy-support-core-utils:1.0.0] AndroidManifest.xml:20:5-44
MERGED from [androidx.legacy:legacy-support-core-utils:1.0.0] AndroidManifest.xml:20:5-44
MERGED from [androidx.viewpager:viewpager:1.0.0] AndroidManifest.xml:20:5-44
MERGED from [androidx.viewpager:viewpager:1.0.0] AndroidManifest.xml:20:5-44
MERGED from [androidx.loader:loader:1.0.0] AndroidManifest.xml:20:5-44
MERGED from [androidx.loader:loader:1.0.0] AndroidManifest.xml:20:5-44
MERGED from [androidx.activity:activity:1.0.0] AndroidManifest.xml:20:5-22:41
MERGED from [androidx.activity:activity:1.0.0] AndroidManifest.xml:20:5-22:41
MERGED from [androidx.coordinatorlayout:coordinatorlayout:1.0.0] AndroidManifest.xml:20:5-44
MERGED from [androidx.coordinatorlayout:coordinatorlayout:1.0.0] AndroidManifest.xml:20:5-44
MERGED from [androidx.drawerlayout:drawerlayout:1.0.0] AndroidManifest.xml:20:5-44
MERGED from [androidx.drawerlayout:drawerlayout:1.0.0] AndroidManifest.xml:20:5-44
MERGED from [androidx.slidingpanelayout:slidingpanelayout:1.0.0] AndroidManifest.xml:20:5-44
MERGED from [androidx.slidingpanelayout:slidingpanelayout:1.0.0] AndroidManifest.xml:20:5-44
MERGED from [androidx.customview:customview:1.0.0] AndroidManifest.xml:20:5-44
MERGED from [androidx.customview:customview:1.0.0] AndroidManifest.xml:20:5-44
MERGED from [androidx.swiperefreshlayout:swiperefreshlayout:1.0.0] AndroidManifest.xml:20:5-44
MERGED from [androidx.swiperefreshlayout:swiperefreshlayout:1.0.0] AndroidManifest.xml:20:5-44
MERGED from [androidx.asynclayoutinflater:asynclayoutinflater:1.0.0] AndroidManifest.xml:20:5-44
MERGED from [androidx.asynclayoutinflater:asynclayoutinflater:1.0.0] AndroidManifest.xml:20:5-44
MERGED from [androidx.core:core:1.6.0] AndroidManifest.xml:20:5-22:41
MERGED from [androidx.core:core:1.6.0] AndroidManifest.xml:20:5-22:41
MERGED from [androidx.lifecycle:lifecycle-runtime:2.2.0] AndroidManifest.xml:20:5-22:41
MERGED from [androidx.lifecycle:lifecycle-runtime:2.2.0] AndroidManifest.xml:20:5-22:41
MERGED from [androidx.savedstate:savedstate:1.0.0] AndroidManifest.xml:20:5-22:41
MERGED from [androidx.savedstate:savedstate:1.0.0] AndroidManifest.xml:20:5-22:41
MERGED from [androidx.lifecycle:lifecycle-livedata:2.0.0] AndroidManifest.xml:20:5-44
MERGED from [androidx.lifecycle:lifecycle-livedata:2.0.0] AndroidManifest.xml:20:5-44
MERGED from [androidx.lifecycle:lifecycle-livedata-core:2.0.0] AndroidManifest.xml:20:5-44
MERGED from [androidx.lifecycle:lifecycle-livedata-core:2.0.0] AndroidManifest.xml:20:5-44
MERGED from [androidx.tracing:tracing:1.0.0] AndroidManifest.xml:20:5-22:41
MERGED from [androidx.tracing:tracing:1.0.0] AndroidManifest.xml:20:5-22:41
MERGED from [com.google.firebase:firebase-components:17.0.0] AndroidManifest.xml:19:5-21:41
MERGED from [com.google.firebase:firebase-components:17.0.0] AndroidManifest.xml:19:5-21:41
MERGED from [androidx.localbroadcastmanager:localbroadcastmanager:1.0.0] AndroidManifest.xml:20:5-44
MERGED from [androidx.localbroadcastmanager:localbroadcastmanager:1.0.0] AndroidManifest.xml:20:5-44
MERGED from [androidx.versionedparcelable:versionedparcelable:1.1.1] AndroidManifest.xml:20:5-22:41
MERGED from [androidx.versionedparcelable:versionedparcelable:1.1.1] AndroidManifest.xml:20:5-22:41
MERGED from [androidx.arch.core:core-runtime:2.0.0] AndroidManifest.xml:20:5-44
MERGED from [androidx.arch.core:core-runtime:2.0.0] AndroidManifest.xml:20:5-44
MERGED from [androidx.interpolator:interpolator:1.0.0] AndroidManifest.xml:20:5-44
MERGED from [androidx.interpolator:interpolator:1.0.0] AndroidManifest.xml:20:5-44
MERGED from [androidx.documentfile:documentfile:1.0.0] AndroidManifest.xml:20:5-44
MERGED from [androidx.documentfile:documentfile:1.0.0] AndroidManifest.xml:20:5-44
MERGED from [androidx.print:print:1.0.0] AndroidManifest.xml:20:5-44
MERGED from [androidx.print:print:1.0.0] AndroidManifest.xml:20:5-44
MERGED from [androidx.lifecycle:lifecycle-viewmodel:2.1.0] AndroidManifest.xml:20:5-44
MERGED from [androidx.lifecycle:lifecycle-viewmodel:2.1.0] AndroidManifest.xml:20:5-44
MERGED from [androidx.cursoradapter:cursoradapter:1.0.0] AndroidManifest.xml:20:5-44
MERGED from [androidx.cursoradapter:cursoradapter:1.0.0] AndroidManifest.xml:20:5-44
MERGED from [io.grpc:grpc-android:1.41.0] AndroidManifest.xml:7:5-9:41
MERGED from [io.grpc:grpc-android:1.41.0] AndroidManifest.xml:7:5-9:41
MERGED from [com.google.firebase:protolite-well-known-types:18.0.0] AndroidManifest.xml:7:5-9:41
MERGED from [com.google.firebase:protolite-well-known-types:18.0.0] AndroidManifest.xml:7:5-9:41
MERGED from [androidx.annotation:annotation-experimental:1.1.0] AndroidManifest.xml:20:5-22:41
MERGED from [androidx.annotation:annotation-experimental:1.1.0] AndroidManifest.xml:20:5-22:41
INJECTED from src\debug\AndroidManifest.xml
INJECTED from src\debug\AndroidManifest.xml
	android:targetSdkVersion
		INJECTED from src\main\AndroidManifest.xml
		INJECTED from src\debug\AndroidManifest.xml
	android:minSdkVersion
		INJECTED from src\main\AndroidManifest.xml
		INJECTED from src\debug\AndroidManifest.xml
uses-permission#android.permission.INTERNET
ADDED from src\debug\AndroidManifest.xml:6:5-66
MERGED from [com.google.firebase:firebase-auth:21.0.1] AndroidManifest.xml:23:5-67
MERGED from [com.google.firebase:firebase-auth:21.0.1] AndroidManifest.xml:23:5-67
MERGED from [com.google.firebase:firebase-firestore:24.0.1] AndroidManifest.xml:14:5-67